{
"src\\app\\app.component.ts":{"path":"src\\app\\app.component.ts","statementMap":{"1":{"start":{"line":4,"column":0},"end":{"line":4,"column":42}},"2":{"start":{"line":8,"column":0},"end":{"line":8,"column":64}},"3":{"start":{"line":19,"column":0},"end":{"line":32,"column":0}},"4":{"start":{"line":23,"column":23},"end":{"line":23,"column":58}},"5":{"start":{"line":21,"column":1},"end":{"line":21,"column":29}},"6":{"start":{"line":27,"column":3},"end":{"line":30,"column":4}},"7":{"start":{"line":28,"column":6},"end":{"line":28,"column":43}},"8":{"start":{"line":14,"column":0},"end":{"line":18,"column":2}},"9":{"start":{"line":32,"column":0},"end":{"line":32,"column":1}},"10":{"start":{"line":19,"column":13},"end":{"line":32,"column":1}}},"fnMap":{"1":{"name":"(anonymous_0)","line":19,"loc":{"start":{"line":19,"column":0},"end":{"line":19,"column":-1}}},"2":{"name":"AppComponent","line":23,"loc":{"start":{"line":23,"column":58},"end":{"line":25,"column":4}}},"3":{"name":"(anonymous_2)","line":27,"loc":{"start":{"line":27,"column":3},"end":{"line":30,"column":4}}}},"branchMap":{},"s":{"1":1,"2":1,"3":1,"4":1,"5":1,"6":1,"7":1,"8":1,"9":1,"10":1},"b":{},"f":{"1":1,"2":1,"3":1},"l":{"4":1,"8":1,"14":1,"19":1,"21":1,"23":1,"27":1,"28":1,"32":1}}}
